<?xml version="1.0" encoding="UTF-8"?>
<!-- Generated by org.testng.reporters.JUnitXMLReporter -->
<testsuite hostname="DESKTOP-PCAMA82" ignored="0" name="Default test" tests="9" failures="0" timestamp="2021-06-04T18:07:13 IST" time="22.283" errors="0">
  <testcase name="launchBrowser" time="2.3" classname="com.sgtesting.assertiondemo.AssignmentassertQa3"/>
  <testcase name="navigate" time="2.44" classname="com.sgtesting.assertiondemo.AssignmentassertQa3"/>
  <testcase name="login" time="0.257" classname="com.sgtesting.assertiondemo.AssignmentassertQa3"/>
  <testcase name="minimizeflyWindow" time="1.266" classname="com.sgtesting.assertiondemo.AssignmentassertQa3"/>
  <testcase name="createCustomer" time="6.919" classname="com.sgtesting.assertiondemo.AssignmentassertQa3"/>
  <testcase name="modifyCustomer" time="5.344" classname="com.sgtesting.assertiondemo.AssignmentassertQa3"/>
  <testcase name="deleteCustomer" time="1.223" classname="com.sgtesting.assertiondemo.AssignmentassertQa3"/>
  <testcase name="logout" time="2.363" classname="com.sgtesting.assertiondemo.AssignmentassertQa3"/>
  <testcase name="closeApplication" time="0.083" classname="com.sgtesting.assertiondemo.AssignmentassertQa3"/>
</testsuite> <!-- Default test -->
