<?xml version="1.0" encoding="UTF-8"?>
<!-- Generated by org.testng.reporters.JUnitXMLReporter -->
<testsuite hostname="DESKTOP-PCAMA82" ignored="0" name="senarios" tests="9" failures="0" timestamp="2021-06-01T20:15:53 IST" time="28.724" errors="0">
  <testcase name="launchBrowser" time="2.502" classname="com.sgtesting.assignment.AssignmentDemoQa2"/>
  <testcase name="navigate" time="2.385" classname="com.sgtesting.assignment.AssignmentDemoQa2"/>
  <testcase name="login" time="3.326" classname="com.sgtesting.assignment.AssignmentDemoQa2"/>
  <testcase name="minimizeflyOutWindow" time="0.375" classname="com.sgtesting.assignment.AssignmentDemoQa2"/>
  <testcase name="createUser" time="11.121" classname="com.sgtesting.assignment.AssignmentDemoQa2"/>
  <testcase name="modifyuser" time="5.337" classname="com.sgtesting.assignment.AssignmentDemoQa2"/>
  <testcase name="deleteUser" time="3.205" classname="com.sgtesting.assignment.AssignmentDemoQa2"/>
  <testcase name="logout" time="0.272" classname="com.sgtesting.assignment.AssignmentDemoQa2"/>
  <testcase name="close" time="0.084" classname="com.sgtesting.assignment.AssignmentDemoQa2"/>
</testsuite> <!-- senarios -->
