<?xml version="1.0" encoding="UTF-8"?>
<!-- Generated by org.testng.reporters.JUnitXMLReporter -->
<testsuite hostname="DESKTOP-PCAMA82" ignored="0" name="Users and Products senarios" tests="116" failures="0" timestamp="2021-06-02T16:58:58 IST" time="292.169" errors="0">
  <testcase name="launchBrowser" time="2.453" classname="com.sgtesting.assignment.AssignmentDemoQa1"/>
  <testcase name="navigate" time="3.744" classname="com.sgtesting.assignment.AssignmentDemoQa1"/>
  <testcase name="Adminlogin" time="2.259" classname="com.sgtesting.assignment.AssignmentDemoQa1"/>
  <testcase name="minimizeFlyOutWindow" time="1.069" classname="com.sgtesting.assignment.AssignmentDemoQa1"/>
  <testcase name="User1" time="11.796" classname="com.sgtesting.assignment.AssignmentDemoQa1"/>
  <testcase name="logout" time="2.413" classname="com.sgtesting.assignment.AssignmentDemoQa1"/>
  <testcase name="User1Loging" time="8.165" classname="com.sgtesting.assignment.AssignmentDemoQa1"/>
  <testcase name="User2" time="1.233" classname="com.sgtesting.assignment.AssignmentDemoQa1"/>
  <testcase name="User1logout" time="1.133" classname="com.sgtesting.assignment.AssignmentDemoQa1"/>
  <testcase name="User2Loging" time="0.047" classname="com.sgtesting.assignment.AssignmentDemoQa1"/>
  <testcase name="User3" time="1.097" classname="com.sgtesting.assignment.AssignmentDemoQa1"/>
  <testcase name="User3Logout" time="1.127" classname="com.sgtesting.assignment.AssignmentDemoQa1"/>
  <testcase name="Admin1login" time="0.037" classname="com.sgtesting.assignment.AssignmentDemoQa1"/>
  <testcase name="ModifyUser1" time="1.109" classname="com.sgtesting.assignment.AssignmentDemoQa1"/>
  <testcase name="Admin1logout" time="1.079" classname="com.sgtesting.assignment.AssignmentDemoQa1"/>
  <testcase name="User1LogingAgain" time="0.027" classname="com.sgtesting.assignment.AssignmentDemoQa1"/>
  <testcase name="ModifyUser2" time="1.101" classname="com.sgtesting.assignment.AssignmentDemoQa1"/>
  <testcase name="User1logoutAgain" time="1.104" classname="com.sgtesting.assignment.AssignmentDemoQa1"/>
  <testcase name="User2LogingAgain" time="0.037" classname="com.sgtesting.assignment.AssignmentDemoQa1"/>
  <testcase name="ModifyUser3" time="1.07" classname="com.sgtesting.assignment.AssignmentDemoQa1"/>
  <testcase name="User2LogoutAgain" time="1.108" classname="com.sgtesting.assignment.AssignmentDemoQa1"/>
  <testcase name="User2LogingAgainAgain" time="0.039" classname="com.sgtesting.assignment.AssignmentDemoQa1"/>
  <testcase name="deleteUser3" time="1.103" classname="com.sgtesting.assignment.AssignmentDemoQa1"/>
  <testcase name="User2LogoutAgainAgain" time="1.136" classname="com.sgtesting.assignment.AssignmentDemoQa1"/>
  <testcase name="User1LogingAgainAgain" time="0.044" classname="com.sgtesting.assignment.AssignmentDemoQa1"/>
  <testcase name="deleteUser2" time="1.093" classname="com.sgtesting.assignment.AssignmentDemoQa1"/>
  <testcase name="User1logoutAgainAgain" time="1.14" classname="com.sgtesting.assignment.AssignmentDemoQa1"/>
  <testcase name="Admin1loginAgain" time="0.039" classname="com.sgtesting.assignment.AssignmentDemoQa1"/>
  <testcase name="deleteUser1" time="1.1" classname="com.sgtesting.assignment.AssignmentDemoQa1"/>
  <testcase name="Admin1logoutAgainAgain" time="1.183" classname="com.sgtesting.assignment.AssignmentDemoQa1"/>
  <testcase name="closeApplication" time="0.279" classname="com.sgtesting.assignment.AssignmentDemoQa1"/>
  <testcase name="launchBrowser" time="1.376" classname="com.sgtesting.assignment.AssignmentDemoQa2"/>
  <testcase name="navigate" time="2.543" classname="com.sgtesting.assignment.AssignmentDemoQa2"/>
  <testcase name="login" time="3.405" classname="com.sgtesting.assignment.AssignmentDemoQa2"/>
  <testcase name="minimizeflyOutWindow" time="0.471" classname="com.sgtesting.assignment.AssignmentDemoQa2"/>
  <testcase name="createUser" time="11.55" classname="com.sgtesting.assignment.AssignmentDemoQa2"/>
  <testcase name="modifyuser" time="1.25" classname="com.sgtesting.assignment.AssignmentDemoQa2"/>
  <testcase name="deleteUser" time="1.14" classname="com.sgtesting.assignment.AssignmentDemoQa2"/>
  <testcase name="logout" time="1.177" classname="com.sgtesting.assignment.AssignmentDemoQa2"/>
  <testcase name="close" time="0.129" classname="com.sgtesting.assignment.AssignmentDemoQa2"/>
  <testcase name="launchBrowser" time="2.443" classname="com.sgtesting.assignment.AssignmentDemoQa3"/>
  <testcase name="navigate" time="2.085" classname="com.sgtesting.assignment.AssignmentDemoQa3"/>
  <testcase name="login" time="3.289" classname="com.sgtesting.assignment.AssignmentDemoQa3"/>
  <testcase name="minimizeflyWindow" time="0.309" classname="com.sgtesting.assignment.AssignmentDemoQa3"/>
  <testcase name="createUser" time="7.248" classname="com.sgtesting.assignment.AssignmentDemoQa3"/>
  <testcase name="deleteUser" time="5.83" classname="com.sgtesting.assignment.AssignmentDemoQa3"/>
  <testcase name="logout" time="2.53" classname="com.sgtesting.assignment.AssignmentDemoQa3"/>
  <testcase name="closeApplication" time="0.085" classname="com.sgtesting.assignment.AssignmentDemoQa3"/>
  <testcase name="launchBrowser" time="2.501" classname="com.sgtesting.assignment.AssignmentDemoQa4"/>
  <testcase name="navigate" time="1.821" classname="com.sgtesting.assignment.AssignmentDemoQa4"/>
  <testcase name="login" time="3.479" classname="com.sgtesting.assignment.AssignmentDemoQa4"/>
  <testcase name="minimizeflyWindow" time="0.418" classname="com.sgtesting.assignment.AssignmentDemoQa4"/>
  <testcase name="createUser" time="7.28" classname="com.sgtesting.assignment.AssignmentDemoQa4"/>
  <testcase name="modifyCustomer" time="3.683" classname="com.sgtesting.assignment.AssignmentDemoQa4"/>
  <testcase name="deleteUser" time="6.958" classname="com.sgtesting.assignment.AssignmentDemoQa4"/>
  <testcase name="logout" time="2.527" classname="com.sgtesting.assignment.AssignmentDemoQa4"/>
  <testcase name="closeApplication" time="0.096" classname="com.sgtesting.assignment.AssignmentDemoQa4"/>
  <testcase name="launchBrowser" time="1.438" classname="com.sgtesting.assignment.AssignmentDemoQa5"/>
  <testcase name="navigate" time="2.594" classname="com.sgtesting.assignment.AssignmentDemoQa5"/>
  <testcase name="login" time="0.4" classname="com.sgtesting.assignment.AssignmentDemoQa5"/>
  <testcase name="minimizeflyWindow" time="1.364" classname="com.sgtesting.assignment.AssignmentDemoQa5"/>
  <testcase name="createCustomer" time="6.445" classname="com.sgtesting.assignment.AssignmentDemoQa5"/>
  <testcase name="createProject" time="5.856" classname="com.sgtesting.assignment.AssignmentDemoQa5"/>
  <testcase name="deleteProject" time="4.752" classname="com.sgtesting.assignment.AssignmentDemoQa5"/>
  <testcase name="deleteCustomer" time="6.718" classname="com.sgtesting.assignment.AssignmentDemoQa5"/>
  <testcase name="logout" time="2.527" classname="com.sgtesting.assignment.AssignmentDemoQa5"/>
  <testcase name="closeApplication" time="0.116" classname="com.sgtesting.assignment.AssignmentDemoQa5"/>
  <testcase name="launchBrowser" time="1.522" classname="com.sgtesting.assignment.AssignmentDemoQa6"/>
  <testcase name="navigate" time="2.743" classname="com.sgtesting.assignment.AssignmentDemoQa6"/>
  <testcase name="login" time="0.427" classname="com.sgtesting.assignment.AssignmentDemoQa6"/>
  <testcase name="minimizeflyWindow" time="1.677" classname="com.sgtesting.assignment.AssignmentDemoQa6"/>
  <testcase name="createCustomer" time="6.15" classname="com.sgtesting.assignment.AssignmentDemoQa6"/>
  <testcase name="createProject" time="5.806" classname="com.sgtesting.assignment.AssignmentDemoQa6"/>
  <testcase name="modifyProject" time="3.55" classname="com.sgtesting.assignment.AssignmentDemoQa6"/>
  <testcase name="deleteProject" time="3.423" classname="com.sgtesting.assignment.AssignmentDemoQa6"/>
  <testcase name="deleteCustomer" time="6.683" classname="com.sgtesting.assignment.AssignmentDemoQa6"/>
  <testcase name="logout" time="2.522" classname="com.sgtesting.assignment.AssignmentDemoQa6"/>
  <testcase name="closeApplication" time="0.086" classname="com.sgtesting.assignment.AssignmentDemoQa6"/>
  <testcase name="launchBrowser" time="2.317" classname="com.sgtesting.assignment.AssignmentDemoQa7"/>
  <testcase name="navigate" time="2.045" classname="com.sgtesting.assignment.AssignmentDemoQa7"/>
  <testcase name="login" time="0.5" classname="com.sgtesting.assignment.AssignmentDemoQa7"/>
  <testcase name="minimizeflyWindow" time="1.826" classname="com.sgtesting.assignment.AssignmentDemoQa7"/>
  <testcase name="createCustomer" time="6.093" classname="com.sgtesting.assignment.AssignmentDemoQa7"/>
  <testcase name="createProject" time="5.945" classname="com.sgtesting.assignment.AssignmentDemoQa7"/>
  <testcase name="createTasks" time="3.763" classname="com.sgtesting.assignment.AssignmentDemoQa7"/>
  <testcase name="deleteTasks" time="5.663" classname="com.sgtesting.assignment.AssignmentDemoQa7"/>
  <testcase name="logout" time="2.571" classname="com.sgtesting.assignment.AssignmentDemoQa7"/>
  <testcase name="closeApplication" time="0.078" classname="com.sgtesting.assignment.AssignmentDemoQa7"/>
  <testcase name="launchBrowser" time="1.614" classname="com.sgtesting.assignment.AssignmentDemoQa8"/>
  <testcase name="navigate" time="3.42" classname="com.sgtesting.assignment.AssignmentDemoQa8"/>
  <testcase name="login" time="0.278" classname="com.sgtesting.assignment.AssignmentDemoQa8"/>
  <testcase name="minimizeflyWindow" time="1.333" classname="com.sgtesting.assignment.AssignmentDemoQa8"/>
  <testcase name="createCustomer" time="6.05" classname="com.sgtesting.assignment.AssignmentDemoQa8"/>
  <testcase name="modifyCustomer" time="1.122" classname="com.sgtesting.assignment.AssignmentDemoQa8"/>
  <testcase name="deleteCustomer" time="0.085" classname="com.sgtesting.assignment.AssignmentDemoQa8"/>
  <testcase name="logout" time="1.14" classname="com.sgtesting.assignment.AssignmentDemoQa8"/>
  <testcase name="closeApplication" time="0.093" classname="com.sgtesting.assignment.AssignmentDemoQa8"/>
  <testcase name="launchBrowser" time="1.529" classname="com.sgtesting.assignment.AssignmentDemoQa9"/>
  <testcase name="navigate" time="3.12" classname="com.sgtesting.assignment.AssignmentDemoQa9"/>
  <testcase name="loginasAdmin" time="1.321" classname="com.sgtesting.assignment.AssignmentDemoQa9"/>
  <testcase name="minimizeflyWindow" time="1.679" classname="com.sgtesting.assignment.AssignmentDemoQa9"/>
  <testcase name="createUsers1" time="6.004" classname="com.sgtesting.assignment.AssignmentDemoQa9"/>
  <testcase name="createUsers2" time="5.279" classname="com.sgtesting.assignment.AssignmentDemoQa9"/>
  <testcase name="createUsers3" time="5.352" classname="com.sgtesting.assignment.AssignmentDemoQa9"/>
  <testcase name="LogoutAdmin" time="2.582" classname="com.sgtesting.assignment.AssignmentDemoQa9"/>
  <testcase name="loginasuser1" time="6.322" classname="com.sgtesting.assignment.AssignmentDemoQa9"/>
  <testcase name="LogoutUser1" time="3.305" classname="com.sgtesting.assignment.AssignmentDemoQa9"/>
  <testcase name="loginasuser2" time="4.099" classname="com.sgtesting.assignment.AssignmentDemoQa9"/>
  <testcase name="LogoutUser2" time="2.276" classname="com.sgtesting.assignment.AssignmentDemoQa9"/>
  <testcase name="loginasuser3" time="4.143" classname="com.sgtesting.assignment.AssignmentDemoQa9"/>
  <testcase name="LogoutUser3" time="1.141" classname="com.sgtesting.assignment.AssignmentDemoQa9"/>
  <testcase name="deleteUser1" time="1.165" classname="com.sgtesting.assignment.AssignmentDemoQa9"/>
  <testcase name="deleteUser2" time="1.099" classname="com.sgtesting.assignment.AssignmentDemoQa9"/>
  <testcase name="deleteUser3" time="1.15" classname="com.sgtesting.assignment.AssignmentDemoQa9"/>
  <testcase name="logout" time="1.242" classname="com.sgtesting.assignment.AssignmentDemoQa9"/>
  <testcase name="closeApplication" time="0.123" classname="com.sgtesting.assignment.AssignmentDemoQa9"/>
</testsuite> <!-- Users and Products senarios -->
